warning: [path] bad path element "lib": no such file or directory
src\Game\Battleship.java:17: warning: [deprecation] Observer in java.util has been deprecated
public class Battleship implements Observer {
                                   ^
src\Game\Battleship.java:142: warning: [deprecation] Observable in java.util has been deprecated
    public void update(Observable o, Object arg) {
                       ^
src\Game\UI\LogPanel.java:10: warning: [serial] serializable class LogPanel has no definition of serialVersionUID
public class LogPanel extends JPanel {
       ^
src\Game\UI\GridPanel.java:96: warning: [serial] serializable class GridButton has no definition of serialVersionUID
    private static class GridButton extends JButton {
                   ^
src\Game\UI\GridPanel.java:11: warning: [serial] serializable class GridPanel has no definition of serialVersionUID
public class GridPanel extends JPanel {
       ^
src\Game\UI\OptionsPanel.java:12: warning: [serial] serializable class OptionsPanel has no definition of serialVersionUID
public class OptionsPanel extends JPanel {
       ^
src\Game\Logic\GameState.java:12: warning: [deprecation] Observable in java.util has been deprecated
public class GameState extends Observable {
                               ^
8 warnings
