added manifest
adding: Game/(in = 0) (out= 0)(stored 0%)
adding: Game/Controller/(in = 0) (out= 0)(stored 0%)
adding: Game/Controller/Battleship.class(in = 2278) (out= 1380)(deflated 39%)
adding: Game/Controller/BattleshipController.class(in = 7760) (out= 3701)(deflated 52%)
adding: Game/Model/(in = 0) (out= 0)(stored 0%)
adding: Game/Model/BoardState.class(in = 5467) (out= 2860)(deflated 47%)
adding: Game/Model/DesignState.class(in = 696) (out= 392)(deflated 43%)
adding: Game/Model/Enums/(in = 0) (out= 0)(stored 0%)
adding: Game/Model/Enums/GameStatus.class(in = 1004) (out= 550)(deflated 45%)
adding: Game/Model/Enums/GridSquareStatus.class(in = 981) (out= 514)(deflated 47%)
adding: Game/Model/GameState.class(in = 2078) (out= 1049)(deflated 49%)
adding: Game/Model/GridBoat.class(in = 479) (out= 314)(deflated 34%)
adding: Game/Model/GridSquare.class(in = 885) (out= 448)(deflated 49%)
adding: Game/Util/(in = 0) (out= 0)(stored 0%)
adding: Game/Util/Constants.class(in = 457) (out= 328)(deflated 28%)
adding: Game/Util/Utils.class(in = 565) (out= 369)(deflated 34%)
adding: Game/View/(in = 0) (out= 0)(stored 0%)
adding: Game/View/EventPanel.class(in = 1327) (out= 783)(deflated 40%)
adding: Game/View/GridPanel$GridButton.class(in = 535) (out= 358)(deflated 33%)
adding: Game/View/GridPanel.class(in = 4348) (out= 2285)(deflated 47%)
adding: Game/View/MainPanel.class(in = 6483) (out= 3244)(deflated 49%)
adding: Game/View/MenuBar.class(in = 3456) (out= 1527)(deflated 55%)
adding: Game/View/OptionsPanel.class(in = 8305) (out= 3938)(deflated 52%)
adding: images/(in = 0) (out= 0)(stored 0%)
adding: res/(in = 0) (out= 0)(stored 0%)
adding: res/game_about.png(in = 19908) (out= 19122)(deflated 3%)